2023 310  0  18.7 -10.1 -10.6   9.3   6.4  456.  2.41   3.1  -125
2023 310  1  13.9   7.2   8.8  -4.7   8.9  425.  3.35   4.6  -117
2023 310  2  17.0  14.9   4.8  -6.4   6.0  474.  2.66   3.4  -116
2023 310  3  16.2  14.4  -0.4  -6.0   7.0  443.  2.86   3.6  -122
2023 310  4  15.9  10.9  -9.5  -5.6   6.4  479.  3.08   3.8  -117
2023 310  5  15.0   4.6 -13.8  -1.9  12.4  489.  6.26   5.7  -106
2023 310  6  13.9  -4.7  -2.7   0.0   7.2  537.  4.81   5.2  -108
2023 310  7  14.7 -12.8  -6.1   0.4   7.5  560.  4.95   5.2  -106
2023 310  8  15.6 -13.0  -5.7  -5.7   5.5  568.  3.72   4.3  -102
2023 310  9  11.3   0.3  -5.6  -0.3   8.8  501.  4.90   6.6  -110
2023 310 10  12.8  -0.1 -12.2   0.8   4.3  439.  1.66   3.6  -108
2023 310 11  14.4  -1.5 -14.2   1.3   3.1  416.  1.07   2.5   -96
2023 310 12  13.1  -0.8 -12.3   0.1   2.1  440.  1.01   2.4   -90
2023 310 13  12.3   5.7  -1.3   9.9   3.0  521.  1.69   3.7   -82
2023 310 14   9.5   4.2  -0.2   6.4   4.3  591.  3.00   6.5   -74
2023 310 15   7.6   4.8  -1.7   4.2   4.3  589.  3.02   8.0   -68
2023 310 16   7.7   4.0  -1.5  -2.0   4.5  642.  3.63   8.8   -61
2023 310 17   7.7   3.7  -1.6  -3.6   3.9  693.  3.63   8.9   -63
2023 310 18   7.6   2.8  -4.4  -2.6   3.2  711.  3.18   8.4   -68
2023 310 19   7.2   3.0  -2.9   1.6   3.2  716.  3.24   8.9   -65
2023 310 20   6.5   3.8  -2.5  -0.1   2.9  701.  2.83   9.2   -61
2023 310 21   6.2   2.9  -1.9   3.6   3.3  724.  3.24  10.6   -61
2023 310 22   5.8   4.0  -1.0  -2.3   2.6  705.  2.47   9.8   -59
2023 310 23   6.3   2.1  -2.6  -3.7   2.3  721.  2.30   8.7   -62
2023 311  0   5.4   2.2  -0.7  -2.6   2.4  732.  2.48  10.5   -67
2023 311  1   5.1   3.9  -1.8  -0.9   2.2  694.  2.00  10.1   -66
2023 311  2   5.1   4.2  -0.9  -1.8   2.0  677.  1.75   9.4   -64
2023 311  3   4.9   3.5  -1.4  -1.1   1.9  674.  1.66   9.5   -62
2023 311  4   4.7   2.2  -1.9  -1.6   1.9  684.  1.73  10.0   -62
2023 311  5   4.5   2.3  -2.1   0.2   1.8  695.  1.68  10.4   -66
2023 311  6   4.7   2.5   1.0   1.6   1.8  700.  1.71  10.0   -62
2023 311  7   5.0   2.1   3.0   0.3   1.9  712.  1.85   9.8   -58
2023 311  8   4.7   2.8   0.8   2.3   1.6  701.  1.53   9.4   -55
2023 311  9   4.9   3.3  -2.1   0.3   1.4  694.  1.34   8.4   -51
2023 311 10   4.9   3.5  -2.3   1.3   1.5  685.  1.40   8.6   -50
2023 311 11   5.2   4.1  -0.7   1.7   1.6  679.  1.47   8.3   -48
2023 311 12   5.1   2.7   2.9  -0.2   1.7  697.  1.69   8.9   -44
2023 311 13   5.4   4.3   0.3   2.5   1.9  674.  1.73   8.6   -43
2023 311 14   6.2   5.3   0.2   0.8   1.9  665.  1.64   7.4   -39
2023 311 15   6.3   3.6   0.6   0.6   2.1  685.  1.95   7.9   -38
2023 311 16   6.6   2.4  -1.3   3.9   2.7  700.  2.60   8.7   -34
2023 311 17   6.7   3.5  -3.6   1.7   2.9  679.  2.63   8.6   -34
2023 311 18   7.1   2.3  -3.6   3.4   3.2  691.  2.95   8.7   -39
2023 311 19   7.1   4.3  -2.6   2.8   3.3  662.  2.81   8.5   -36
2023 311 20   7.6   3.3  -1.0   4.4   3.6  676.  3.16   8.4   -32
2023 311 21   8.3   4.0  -0.2   4.9   3.8  667.  3.23   7.8   -31
2023 311 22   8.7   6.0  -1.1   5.0   3.5  638.  2.68   6.9   -31
2023 311 23   8.2   5.4  -0.9   3.3   4.0  660.  3.42   8.0   -26
2023 312  0   7.4   3.0  -2.2   3.4   4.9  683.  4.58  10.2   -23
2023 312  1   7.8   6.6  -0.8   0.1   5.0  666.  4.52   9.5   -25
2023 312  2   7.6   3.9  -5.0   0.7   5.3  668.  4.72  10.1   -28
2023 312  3   7.9   3.0  -5.0  -0.3   4.9  691.  4.84   9.7   -31
2023 312  4   6.9   4.0  -0.3   4.2   4.4  689.  4.16  10.5   -36
2023 312  5   6.3   3.7  -1.2   3.0   3.1  689.  2.99   9.6   -34
2023 312  6   6.7   5.4   0.3   2.6   2.6  666.  2.16   8.0   -33
2023 312  7   6.5   4.4  -0.2   2.7   2.7  678.  2.36   8.6   -33
2023 312  8   5.4   3.6  -1.4   0.8   3.1  702.  3.07  11.4   -32
2023 312  9   5.4   3.5  -2.2   1.1   3.0  702.  2.95  11.3   -39
2023 312 10   5.5   1.5  -2.0   3.9   2.8  725.  2.92  11.0   -34
2023 312 11   5.2   1.9  -1.3   4.3   2.7  724.  2.77  11.4   -28
2023 312 12   5.3   1.2   0.1   4.7   2.4  735.  2.55  10.7   -27
2023 312 13   4.9   1.6  -0.8   4.2   2.4  733.  2.55  11.6   -27
2023 312 14   4.4   2.7  -2.0   1.0   2.3  723.  2.38  12.5   -26
2023 312 15   4.6   1.0  -4.1  -1.0   2.1  723.  2.20  11.4   -25
2023 312 16 999.9 999.9 999.9 999.9 999.9 9999. 99.99 999.9   -25
2023 312 17 999.9 999.9 999.9 999.9 999.9 9999. 99.99 999.9   -25
2023 312 18 999.9 999.9 999.9 999.9 999.9 9999. 99.99 999.9   -23
2023 312 19 999.9 999.9 999.9 999.9 999.9 9999. 99.99 999.9   -30
2023 312 20 999.9 999.9 999.9 999.9 999.9 9999. 99.99 999.9   -34
2023 312 21 999.9 999.9 999.9 999.9 999.9 9999. 99.99 999.9   -30
2023 312 22 999.9 999.9 999.9 999.9 999.9 9999. 99.99 999.9   -29
2023 312 23   3.8   1.4  -2.7  -0.9   1.8  702.  1.77  12.4   -30
