2023 311  0   5.4   2.2  -0.7  -2.6   2.4  2.48  10.5   -67
2023 311  1   5.1   3.9  -1.8  -0.9   2.2  2.00  10.1   -66
2023 311  2   5.1   4.2  -0.9  -1.8   2.0  1.75   9.4   -64
2023 311  3   4.9   3.5  -1.4  -1.1   1.9  1.66   9.5   -62
2023 311  4   4.7   2.2  -1.9  -1.6   1.9  1.73  10.0   -62
2023 311  5   4.5   2.3  -2.1   0.2   1.8  1.68  10.4   -66
2023 311  6   4.7   2.5   1.0   1.6   1.8  1.71  10.0   -62
2023 311  7   5.0   2.1   3.0   0.3   1.9  1.85   9.8   -58
2023 311  8   4.7   2.8   0.8   2.3   1.6  1.53   9.4   -55
2023 311  9   4.9   3.3  -2.1   0.3   1.4  1.34   8.4   -51
2023 311 10   4.9   3.5  -2.3   1.3   1.5  1.40   8.6   -50
2023 311 11   5.2   4.1  -0.7   1.7   1.6  1.47   8.3   -48
2023 311 12   5.1   2.7   2.9  -0.2   1.7  1.69   8.9   -44
2023 311 13   5.4   4.3   0.3   2.5   1.9  1.73   8.6   -43
2023 311 14   6.2   5.3   0.2   0.8   1.9  1.64   7.4   -39
2023 311 15   6.3   3.6   0.6   0.6   2.1  1.95   7.9   -38
2023 311 16   6.6   2.4  -1.3   3.9   2.7  2.60   8.7   -34
2023 311 17   6.7   3.5  -3.6   1.7   2.9  2.63   8.6   -34
2023 311 18   7.1   2.3  -3.6   3.4   3.2  2.95   8.7   -39
2023 311 19   7.1   4.3  -2.6   2.8   3.3  2.81   8.5   -36
2023 311 20   7.6   3.3  -1.0   4.4   3.6  3.16   8.4   -32
2023 311 21   8.3   4.0  -0.2   4.9   3.8  3.23   7.8   -31
2023 311 22   8.7   6.0  -1.1   5.0   3.5  2.68   6.9   -31
2023 311 23   8.2   5.4  -0.9   3.3   4.0  3.42   8.0   -26
